<?xml version="1.0" encoding="UTF-8"?>
<!-- Generated by org.testng.reporters.JUnitReportReporter -->
<testsuite hostname="DESKTOP-ROLOOPG" failures="0" tests="5" name="com.Salesforce.automationscripts.SFUserMenuDropdown" time="72.634" errors="0" timestamp="2024-02-21T19:49:34 CST" skipped="0">
  <testcase classname="com.Salesforce.automationscripts.SFUserMenuDropdown" name="TC06MyProfile" time="21.804"/>
  <system-out/>
  <testcase classname="com.Salesforce.automationscripts.SFUserMenuDropdown" name="TC09LogOut" time="9.728"/>
  <system-out/>
  <testcase classname="com.Salesforce.automationscripts.SFUserMenuDropdown" name="TC07MySettings" time="18.544"/>
  <system-out/>
  <testcase classname="com.Salesforce.automationscripts.SFUserMenuDropdown" name="TC05SelectUserMenu" time="8.753"/>
  <system-out/>
  <testcase classname="com.Salesforce.automationscripts.SFUserMenuDropdown" name="TC08DeveloperConsole" time="13.805"/>
  <system-out/>
</testsuite> <!-- com.Salesforce.automationscripts.SFUserMenuDropdown -->
