<?xml version="1.0" encoding="UTF-8"?>
<!-- Generated by org.testng.reporters.JUnitReportReporter -->
<testsuite hostname="DESKTOP-ROLOOPG" failures="0" tests="5" name="com.Salesforce.automationscripts.SFOptyAutomationScripts" time="66.527" errors="0" timestamp="2024-02-21T19:49:34 CST" skipped="0">
  <testcase classname="com.Salesforce.automationscripts.SFOptyAutomationScripts" name="TC15_OpportunityView" time="10.336"/>
  <system-out/>
  <testcase classname="com.Salesforce.automationscripts.SFOptyAutomationScripts" name="TC19QuarterlySummaryReport" time="11.596"/>
  <system-out/>
  <testcase classname="com.Salesforce.automationscripts.SFOptyAutomationScripts" name="TC17OpportunityPipelineReport" time="10.997"/>
  <system-out/>
  <testcase classname="com.Salesforce.automationscripts.SFOptyAutomationScripts" name="TC18StuckOpportunityReport" time="11.162"/>
  <system-out/>
  <testcase classname="com.Salesforce.automationscripts.SFOptyAutomationScripts" name="TC16CreateNewOpty" time="22.436"/>
  <system-out/>
</testsuite> <!-- com.Salesforce.automationscripts.SFOptyAutomationScripts -->
