<?xml version="1.0" encoding="UTF-8"?>
<!-- Generated by org.testng.reporters.JUnitReportReporter -->
<testsuite hostname="DESKTOP-ROLOOPG" failures="0" tests="5" name="com.Salesforce.automationscripts.SFLoginAutomationScript" time="38.352" errors="0" timestamp="2024-02-21T19:49:34 CST" skipped="0">
  <testcase classname="com.Salesforce.automationscripts.SFLoginAutomationScript" name="TC3RememberCheckboxUsername" time="10.101"/>
  <system-out/>
  <testcase classname="com.Salesforce.automationscripts.SFLoginAutomationScript" name="TC4BErrormsgWrongIdPassword" time="4.499"/>
  <system-out/>
  <testcase classname="com.Salesforce.automationscripts.SFLoginAutomationScript" name="TC2HomepageDisplay" time="13.319"/>
  <system-out/>
  <testcase classname="com.Salesforce.automationscripts.SFLoginAutomationScript" name="TC4AForgotPassword" time="5.626"/>
  <system-out/>
  <testcase classname="com.Salesforce.automationscripts.SFLoginAutomationScript" name="TC1ErrormsgEmptyPassword" time="4.807"/>
  <system-out/>
</testsuite> <!-- com.Salesforce.automationscripts.SFLoginAutomationScript -->
